21:33:07 **** Build of configuration Debug for project B)Variables_define_Modificadores ****
make all 
Building file: ../src/B)Variables_define_modificadores.c
Invoking: GCC C Compiler
gcc -O0 -g3 -Wall -c -fmessage-length=0 -MMD -MP -MF"src/B)Variables_define_modificadores.d" -MT"src/B)Variables_define_modificadores.d" -o "src/B)Variables_define_modificadores.o" "../src/B)Variables_define_modificadores.c"
../src/B)Variables_define_modificadores.c: In function ‘main’:
../src/B)Variables_define_modificadores.c:23:7: warning: variable ‘c’ set but not used [-Wunused-but-set-variable]
  char c;   //letras
       ^
../src/B)Variables_define_modificadores.c:21:8: warning: variable ‘pi’ set but not used [-Wunused-but-set-variable]
  float pi; //flotantes
        ^~
Finished building: ../src/B)Variables_define_modificadores.c
 
Building target: B)Variables_define_Modificadores
Invoking: GCC C Linker
gcc  -o "B)Variables_define_Modificadores"  ./src/B)Variables_define_modificadores.o   
/bin/sh: 1: Syntax error: ")" unexpected
make: *** [B)Variables_define_Modificadores] Error 2
makefile:30: recipe for target 'B)Variables_define_Modificadores' failed
"make all" terminated with exit code 2. Build might be incomplete.

21:33:07 Build Failed. 2 errors, 2 warnings. (took 351ms)

